# JRE version: Java(TM) SE Runtime Environment (17.0+35) (build 17+35-LTS-2724)
# Java VM: Java HotSpot(TM) 64-Bit Server VM (17+35-LTS-2724, mixed mode, emulated-client, sharing, tiered, compressed oops, compressed class ptrs, g1 gc, windows-amd64)
GC Precious Log:
 CPUs: 12 total, 12 available
 Memory: 7876M
 Large Page Support: Disabled
 NUMA Support: Disabled
 Compressed Oops: Enabled (32-bit)
 Heap Region Size: 1M
 Heap Min Capacity: 8M
 Heap Initial Capacity: 124M
 Heap Max Capacity: 1970M
 Pre-touch: Disabled
 Parallel Workers: 10
 Concurrent Workers: 3
 Concurrent Refinement Workers: 10
 Periodic GC: Disabled
Heap:
 garbage-first heap   total 126976K, used 13625K [0x0000000084e00000, 0x0000000100000000)
  region size 1024K, 5 young (5120K), 5 survivors (5120K)
 Metaspace       used 21136K, committed 21504K, reserved 1073152K
  class space    used 2960K, committed 3136K, reserved 1048576K
GC Heap History (11 events):
Event: 1.597 GC heap before
{Heap before GC invocations=0 (full 0):
 garbage-first heap   total 126976K, used 23552K [0x0000000084e00000, 0x0000000100000000)
  region size 1024K, 23 young (23552K), 0 survivors (0K)
 Metaspace       used 7138K, committed 7360K, reserved 1056768K
  class space    used 913K, committed 1024K, reserved 1048576K
}
Event: 1.614 GC heap after
{Heap after GC invocations=1 (full 0):
 garbage-first heap   total 126976K, used 8397K [0x0000000084e00000, 0x0000000100000000)
  region size 1024K, 3 young (3072K), 3 survivors (3072K)
 Metaspace       used 7138K, committed 7360K, reserved 1056768K
  class space    used 913K, committed 1024K, reserved 1048576K
}
Event: 2.698 GC heap before
{Heap before GC invocations=1 (full 0):
 garbage-first heap   total 126976K, used 30925K [0x0000000084e00000, 0x0000000100000000)
  region size 1024K, 25 young (25600K), 3 survivors (3072K)
 Metaspace       used 11657K, committed 11968K, reserved 1064960K
  class space    used 1595K, committed 1728K, reserved 1048576K
}
Event: 2.711 GC heap after
{Heap after GC invocations=2 (full 0):
 garbage-first heap   total 126976K, used 10371K [0x0000000084e00000, 0x0000000100000000)
  region size 1024K, 2 young (2048K), 2 survivors (2048K)
 Metaspace       used 11657K, committed 11968K, reserved 1064960K
  class space    used 1595K, committed 1728K, reserved 1048576K
}
Event: 3.505 GC heap before
{Heap before GC invocations=2 (full 0):
 garbage-first heap   total 126976K, used 53379K [0x0000000084e00000, 0x0000000100000000)
  region size 1024K, 45 young (46080K), 2 survivors (2048K)
 Metaspace       used 20355K, committed 20736K, reserved 1073152K
  class space    used 2852K, committed 3008K, reserved 1048576K
}
Event: 3.513 GC heap after
{Heap after GC invocations=3 (full 0):
 garbage-first heap   total 126976K, used 13096K [0x0000000084e00000, 0x0000000100000000)
  region size 1024K, 5 young (5120K), 5 survivors (5120K)
 Metaspace       used 20355K, committed 20736K, reserved 1073152K
  class space    used 2852K, committed 3008K, reserved 1048576K
}
Event: 3.562 GC heap before
{Heap before GC invocations=3 (full 0):
 garbage-first heap   total 126976K, used 82728K [0x0000000084e00000, 0x0000000100000000)
  region size 1024K, 74 young (75776K), 5 survivors (5120K)
 Metaspace       used 20777K, committed 21120K, reserved 1073152K
  class space    used 2924K, committed 3072K, reserved 1048576K
}
Event: 3.620 GC heap after
{Heap after GC invocations=4 (full 0):
 garbage-first heap   total 126976K, used 13349K [0x0000000084e00000, 0x0000000100000000)
  region size 1024K, 5 young (5120K), 5 survivors (5120K)
 Metaspace       used 20777K, committed 21120K, reserved 1073152K
  class space    used 2924K, committed 3072K, reserved 1048576K
}
Event: 3.664 GC heap before
{Heap before GC invocations=4 (full 0):
 garbage-first heap   total 126976K, used 82981K [0x0000000084e00000, 0x0000000100000000)
  region size 1024K, 74 young (75776K), 5 survivors (5120K)
 Metaspace       used 20924K, committed 21312K, reserved 1073152K
  class space    used 2942K, committed 3136K, reserved 1048576K
}
Event: 3.670 GC heap after
{Heap after GC invocations=5 (full 0):
 garbage-first heap   total 126976K, used 13320K [0x0000000084e00000, 0x0000000100000000)
  region size 1024K, 5 young (5120K), 5 survivors (5120K)
 Metaspace       used 20924K, committed 21312K, reserved 1073152K
  class space    used 2942K, committed 3136K, reserved 1048576K
}
Event: 3.699 GC heap before
{Heap before GC invocations=5 (full 0):
 garbage-first heap   total 126976K, used 21512K [0x0000000084e00000, 0x0000000100000000)
  region size 1024K, 15 young (15360K), 5 survivors (5120K)
 Metaspace       used 21136K, committed 21504K, reserved 1073152K
  class space    used 2960K, committed 3136K, reserved 1048576K
}

